Determining if the pthread_create exist failed with the following output:
Change Dir: /home/neil/Workspace/self-driving-golf-cart/ros/src/cmake-build-debug/CMakeFiles/CMakeTmp

Run Build Command:"/usr/bin/make" "cmTC_5199d/fast"
/usr/bin/make -f CMakeFiles/cmTC_5199d.dir/build.make CMakeFiles/cmTC_5199d.dir/build
make[1]: Entering directory '/home/neil/Workspace/self-driving-golf-cart/ros/src/cmake-build-debug/CMakeFiles/CMakeTmp'
Building C object CMakeFiles/cmTC_5199d.dir/CheckSymbolExists.c.o
/usr/bin/cc    -o CMakeFiles/cmTC_5199d.dir/CheckSymbolExists.c.o   -c /home/neil/Workspace/self-driving-golf-cart/ros/src/cmake-build-debug/CMakeFiles/CMakeTmp/CheckSymbolExists.c
Linking C executable cmTC_5199d
/home/neil/snap/clion-2019.1/bin/cmake/linux/bin/cmake -E cmake_link_script CMakeFiles/cmTC_5199d.dir/link.txt --verbose=1
/usr/bin/cc      -rdynamic CMakeFiles/cmTC_5199d.dir/CheckSymbolExists.c.o  -o cmTC_5199d 
CMakeFiles/cmTC_5199d.dir/CheckSymbolExists.c.o: In function `main':
CheckSymbolExists.c:(.text+0x1b): undefined reference to `pthread_create'
collect2: error: ld returned 1 exit status
CMakeFiles/cmTC_5199d.dir/build.make:86: recipe for target 'cmTC_5199d' failed
make[1]: *** [cmTC_5199d] Error 1
make[1]: Leaving directory '/home/neil/Workspace/self-driving-golf-cart/ros/src/cmake-build-debug/CMakeFiles/CMakeTmp'
Makefile:121: recipe for target 'cmTC_5199d/fast' failed
make: *** [cmTC_5199d/fast] Error 2

File /home/neil/Workspace/self-driving-golf-cart/ros/src/cmake-build-debug/CMakeFiles/CMakeTmp/CheckSymbolExists.c:
/* */
#include <pthread.h>

int main(int argc, char** argv)
{
  (void)argv;
#ifndef pthread_create
  return ((int*)(&pthread_create))[argc];
#else
  (void)argc;
  return 0;
#endif
}

Determining if the function pthread_create exists in the pthreads failed with the following output:
Change Dir: /home/neil/Workspace/self-driving-golf-cart/ros/src/cmake-build-debug/CMakeFiles/CMakeTmp

Run Build Command:"/usr/bin/make" "cmTC_64638/fast"
/usr/bin/make -f CMakeFiles/cmTC_64638.dir/build.make CMakeFiles/cmTC_64638.dir/build
make[1]: Entering directory '/home/neil/Workspace/self-driving-golf-cart/ros/src/cmake-build-debug/CMakeFiles/CMakeTmp'
Building C object CMakeFiles/cmTC_64638.dir/CheckFunctionExists.c.o
/usr/bin/cc   -DCHECK_FUNCTION_EXISTS=pthread_create   -o CMakeFiles/cmTC_64638.dir/CheckFunctionExists.c.o   -c /home/neil/snap/clion-2019.1/bin/cmake/linux/share/cmake-3.13/Modules/CheckFunctionExists.c
Linking C executable cmTC_64638
/home/neil/snap/clion-2019.1/bin/cmake/linux/bin/cmake -E cmake_link_script CMakeFiles/cmTC_64638.dir/link.txt --verbose=1
/usr/bin/cc  -DCHECK_FUNCTION_EXISTS=pthread_create    -rdynamic CMakeFiles/cmTC_64638.dir/CheckFunctionExists.c.o  -o cmTC_64638 -lpthreads 
/usr/bin/ld: cannot find -lpthreads
collect2: error: ld returned 1 exit status
CMakeFiles/cmTC_64638.dir/build.make:86: recipe for target 'cmTC_64638' failed
make[1]: *** [cmTC_64638] Error 1
make[1]: Leaving directory '/home/neil/Workspace/self-driving-golf-cart/ros/src/cmake-build-debug/CMakeFiles/CMakeTmp'
Makefile:121: recipe for target 'cmTC_64638/fast' failed
make: *** [cmTC_64638/fast] Error 2


