Determining if the pthread_create exist failed with the following output:
Change Dir: /home/neil/Workspace/self-driving-golf-cart/src/cmake-build-debug/CMakeFiles/CMakeTmp

Run Build Command:"/usr/bin/make" "cmTC_25929/fast"
/usr/bin/make -f CMakeFiles/cmTC_25929.dir/build.make CMakeFiles/cmTC_25929.dir/build
make[1]: Entering directory '/home/neil/Workspace/self-driving-golf-cart/src/cmake-build-debug/CMakeFiles/CMakeTmp'
Building C object CMakeFiles/cmTC_25929.dir/CheckSymbolExists.c.o
/usr/bin/cc    -o CMakeFiles/cmTC_25929.dir/CheckSymbolExists.c.o   -c /home/neil/Workspace/self-driving-golf-cart/src/cmake-build-debug/CMakeFiles/CMakeTmp/CheckSymbolExists.c
Linking C executable cmTC_25929
/home/neil/Applications/clion-2018.1/bin/cmake/bin/cmake -E cmake_link_script CMakeFiles/cmTC_25929.dir/link.txt --verbose=1
/usr/bin/cc      -rdynamic CMakeFiles/cmTC_25929.dir/CheckSymbolExists.c.o  -o cmTC_25929 
CMakeFiles/cmTC_25929.dir/CheckSymbolExists.c.o: In function `main':
CheckSymbolExists.c:(.text+0x16): undefined reference to `pthread_create'
collect2: error: ld returned 1 exit status
CMakeFiles/cmTC_25929.dir/build.make:97: recipe for target 'cmTC_25929' failed
make[1]: *** [cmTC_25929] Error 1
make[1]: Leaving directory '/home/neil/Workspace/self-driving-golf-cart/src/cmake-build-debug/CMakeFiles/CMakeTmp'
Makefile:126: recipe for target 'cmTC_25929/fast' failed
make: *** [cmTC_25929/fast] Error 2

File /home/neil/Workspace/self-driving-golf-cart/src/cmake-build-debug/CMakeFiles/CMakeTmp/CheckSymbolExists.c:
/* */
#include <pthread.h>

int main(int argc, char** argv)
{
  (void)argv;
#ifndef pthread_create
  return ((int*)(&pthread_create))[argc];
#else
  (void)argc;
  return 0;
#endif
}

Determining if the function pthread_create exists in the pthreads failed with the following output:
Change Dir: /home/neil/Workspace/self-driving-golf-cart/src/cmake-build-debug/CMakeFiles/CMakeTmp

Run Build Command:"/usr/bin/make" "cmTC_b21ed/fast"
/usr/bin/make -f CMakeFiles/cmTC_b21ed.dir/build.make CMakeFiles/cmTC_b21ed.dir/build
make[1]: Entering directory '/home/neil/Workspace/self-driving-golf-cart/src/cmake-build-debug/CMakeFiles/CMakeTmp'
Building C object CMakeFiles/cmTC_b21ed.dir/CheckFunctionExists.c.o
/usr/bin/cc   -DCHECK_FUNCTION_EXISTS=pthread_create   -o CMakeFiles/cmTC_b21ed.dir/CheckFunctionExists.c.o   -c /home/neil/Applications/clion-2018.1/bin/cmake/share/cmake-3.10/Modules/CheckFunctionExists.c
Linking C executable cmTC_b21ed
/home/neil/Applications/clion-2018.1/bin/cmake/bin/cmake -E cmake_link_script CMakeFiles/cmTC_b21ed.dir/link.txt --verbose=1
/usr/bin/cc  -DCHECK_FUNCTION_EXISTS=pthread_create    -rdynamic CMakeFiles/cmTC_b21ed.dir/CheckFunctionExists.c.o  -o cmTC_b21ed -lpthreads 
/usr/bin/ld: cannot find -lpthreads
collect2: error: ld returned 1 exit status
CMakeFiles/cmTC_b21ed.dir/build.make:97: recipe for target 'cmTC_b21ed' failed
make[1]: *** [cmTC_b21ed] Error 1
make[1]: Leaving directory '/home/neil/Workspace/self-driving-golf-cart/src/cmake-build-debug/CMakeFiles/CMakeTmp'
Makefile:126: recipe for target 'cmTC_b21ed/fast' failed
make: *** [cmTC_b21ed/fast] Error 2


